0 verbose cli [
0 verbose cli   '/usr/local/bin/node',
0 verbose cli   '/usr/local/bin/npm',
0 verbose cli   'ls',
0 verbose cli   '--depth',
0 verbose cli   '0',
0 verbose cli   '--json'
0 verbose cli ]
1 info using npm@8.1.2
2 info using node@v16.13.1
3 timing npm:load:whichnode Completed in 1ms
4 timing config:load:defaults Completed in 2ms
5 timing config:load:file:/usr/local/lib/node_modules/npm/npmrc Completed in 1ms
6 timing config:load:builtin Completed in 1ms
7 timing config:load:cli Completed in 2ms
8 timing config:load:env Completed in 1ms
9 timing config:load:file:/Users/com03/Desktop/0101/DH1/gerenciador_de_tarefas/.npmrc Completed in 0ms
10 timing config:load:project Completed in 1ms
11 timing config:load:file:/Users/com03/.npmrc Completed in 0ms
12 timing config:load:user Completed in 0ms
13 timing config:load:file:/usr/local/etc/npmrc Completed in 2ms
14 timing config:load:global Completed in 2ms
15 timing config:load:validate Completed in 0ms
16 timing config:load:credentials Completed in 2ms
17 timing config:load:setEnvs Completed in 1ms
18 timing config:load Completed in 12ms
19 timing npm:load:configload Completed in 12ms
20 timing npm:load:setTitle Completed in 22ms
21 timing npm:load:setupLog Completed in 1ms
22 timing config:load:flatten Completed in 4ms
23 timing npm:load:cleanupLog Completed in 3ms
24 timing npm:load:configScope Completed in 0ms
25 timing npm:load:projectScope Completed in 40ms
26 timing npm:load Completed in 83ms
27 timing arborist:ctor Completed in 1ms
28 timing arborist:ctor Completed in 0ms
29 timing command:ls Completed in 81ms
30 verbose stack Error: Failed to parse root package.json
30 verbose stack     at LS.ls (/usr/local/lib/node_modules/npm/lib/ls.js:212:9)
31 verbose cwd /Users/com03/Desktop/0101/DH1/gerenciador_de_tarefas
32 verbose Darwin 18.7.0
33 verbose argv "/usr/local/bin/node" "/usr/local/bin/npm" "ls" "--depth" "0" "--json"
34 verbose node v16.13.1
35 verbose npm  v8.1.2
36 error code EJSONPARSE
37 error JSON.parse Failed to parse root package.json
38 error JSON.parse Failed to parse JSON data.
38 error JSON.parse Note: package.json must be actual JSON, not just JavaScript.
39 verbose exit 1
